c:\users\ccame\onedrive - office 365\co2402 advanced programming with c++\assignment 1\monopolish\debug\vc142.pdb
c:\users\ccame\onedrive - office 365\co2402 advanced programming with c++\assignment 1\monopolish\debug\vc142.idb
c:\users\ccame\onedrive - office 365\co2402 advanced programming with c++\assignment 1\monopolish\debug\source.obj
c:\users\ccame\onedrive - office 365\co2402 advanced programming with c++\assignment 1\monopolish\debug\cproperty.obj
c:\users\ccame\onedrive - office 365\co2402 advanced programming with c++\assignment 1\monopolish\debug\cgamemode.obj
c:\users\ccame\onedrive - office 365\co2402 advanced programming with c++\assignment 1\monopolish\debug\cfreeparking.obj
c:\users\ccame\onedrive - office 365\co2402 advanced programming with c++\assignment 1\monopolish\debug\cbonus.obj
c:\users\ccame\onedrive - office 365\co2402 advanced programming with c++\assignment 1\monopolish\debug\cstation.obj
c:\users\ccame\onedrive - office 365\co2402 advanced programming with c++\assignment 1\monopolish\debug\csquare.obj
c:\users\ccame\onedrive - office 365\co2402 advanced programming with c++\assignment 1\monopolish\debug\cplayer.obj
c:\users\ccame\onedrive - office 365\co2402 advanced programming with c++\assignment 1\monopolish\debug\cpenalty.obj
c:\users\ccame\onedrive - office 365\co2402 advanced programming with c++\assignment 1\monopolish\debug\cjail.obj
c:\users\ccame\onedrive - office 365\co2402 advanced programming with c++\assignment 1\monopolish\debug\cgotojail.obj
c:\users\ccame\onedrive - office 365\co2402 advanced programming with c++\assignment 1\monopolish\debug\cgo.obj
c:\users\ccame\onedrive - office 365\co2402 advanced programming with c++\assignment 1\monopolish\debug\csquaremanager.obj
c:\users\ccame\onedrive - office 365\co2402 advanced programming with c++\assignment 1\monopolish\debug\csquarefactory.obj
c:\users\ccame\onedrive - office 365\co2402 advanced programming with c++\assignment 1\monopolish\debug\monopolish.exe
c:\users\ccame\onedrive - office 365\co2402 advanced programming with c++\assignment 1\monopolish\debug\monopolish.ilk
c:\users\ccame\onedrive - office 365\co2402 advanced programming with c++\assignment 1\monopolish\debug\monopolish.pdb
c:\users\ccame\onedrive - office 365\co2402 advanced programming with c++\assignment 1\monopolish\debug\cgamemode.obj.enc
c:\users\ccame\onedrive - office 365\co2402 advanced programming with c++\assignment 1\monopolish\debug\cproperty.obj.enc
c:\users\ccame\onedrive - office 365\co2402 advanced programming with c++\assignment 1\monopolish\debug\source.obj.enc
c:\users\ccame\onedrive - office 365\co2402 advanced programming with c++\assignment 1\monopolish\debug\monopolish.tlog\cl.command.1.tlog
c:\users\ccame\onedrive - office 365\co2402 advanced programming with c++\assignment 1\monopolish\debug\monopolish.tlog\cl.read.1.tlog
c:\users\ccame\onedrive - office 365\co2402 advanced programming with c++\assignment 1\monopolish\debug\monopolish.tlog\cl.write.1.tlog
c:\users\ccame\onedrive - office 365\co2402 advanced programming with c++\assignment 1\monopolish\debug\monopolish.tlog\link.command.1.tlog
c:\users\ccame\onedrive - office 365\co2402 advanced programming with c++\assignment 1\monopolish\debug\monopolish.tlog\link.read.1.tlog
c:\users\ccame\onedrive - office 365\co2402 advanced programming with c++\assignment 1\monopolish\debug\monopolish.tlog\link.write.1.tlog
